cl : command line  warning D9035: option 'Gm' has been deprecated and will be removed in a future release
  TestCode.cpp
  Output.cpp
C:\Users\Mennatuallah\Desktop\last\Programming_techniques_project\GUI\Output.cpp(138,84): warning C4244: 'argument': conversion from 'double' to 'const int', possible loss of data
C:\Users\Mennatuallah\Desktop\last\Programming_techniques_project\GUI\Output.cpp(139,84): warning C4244: 'argument': conversion from 'double' to 'const int', possible loss of data
C:\Users\Mennatuallah\Desktop\last\Programming_techniques_project\GUI\Output.cpp(139,49): warning C4244: 'argument': conversion from 'double' to 'const int', possible loss of data
C:\Users\Mennatuallah\Desktop\last\Programming_techniques_project\GUI\Output.cpp(307,16): warning C4244: '=': conversion from 'float' to 'int', possible loss of data
C:\Users\Mennatuallah\Desktop\last\Programming_techniques_project\GUI\Output.cpp(308,16): warning C4244: '=': conversion from 'float' to 'int', possible loss of data
C:\Users\Mennatuallah\Desktop\last\Programming_techniques_project\GUI\Output.cpp(310,23): warning C4244: '=': conversion from 'float' to 'int', possible loss of data
C:\Users\Mennatuallah\Desktop\last\Programming_techniques_project\GUI\Output.cpp(311,23): warning C4244: '=': conversion from 'float' to 'int', possible loss of data
C:\Users\Mennatuallah\Desktop\last\Programming_techniques_project\GUI\Output.cpp(312,23): warning C4244: '=': conversion from 'double' to 'int', possible loss of data
C:\Users\Mennatuallah\Desktop\last\Programming_techniques_project\GUI\Output.cpp(313,23): warning C4244: '=': conversion from 'double' to 'int', possible loss of data
C:\Users\Mennatuallah\Desktop\last\Programming_techniques_project\GUI\Output.cpp(337,15): warning C4244: 'initializing': conversion from 'double' to 'float', possible loss of data
C:\Users\Mennatuallah\Desktop\last\Programming_techniques_project\GUI\Output.cpp(355,32): warning C4244: 'argument': conversion from 'float' to 'const int', possible loss of data
  Input.cpp
C:\Users\Mennatuallah\Desktop\last\Programming_techniques_project\GUI\Input.cpp(84,26): warning C4244: 'initializing': conversion from 'double' to 'int', possible loss of data
  windowinput.cpp
  mousequeue.cpp
  keyqueue.cpp
  image.cpp
C:\Users\Mennatuallah\Desktop\last\Programming_techniques_project\CMUgraphicsLib\image.cpp(115,29): warning C4018: '<': signed/unsigned mismatch
  colors.cpp
  CMUgraphics.cpp
C:\Users\Mennatuallah\Desktop\last\Programming_techniques_project\CMUgraphicsLib\CMUgraphics.cpp(257,9): warning C4101: 'iX': unreferenced local variable
C:\Users\Mennatuallah\Desktop\last\Programming_techniques_project\CMUgraphicsLib\CMUgraphics.cpp(257,13): warning C4101: 'iY': unreferenced local variable
C:\Users\Mennatuallah\Desktop\last\Programming_techniques_project\CMUgraphicsLib\CMUgraphics.cpp(751,3): warning C4996: 'strcpy': This function or variable may be unsafe. Consider using strcpy_s instead. To disable deprecation, use _CRT_SECURE_NO_WARNINGS. See online help for details.
C:\Users\Mennatuallah\Desktop\last\Programming_techniques_project\CMUgraphicsLib\CMUgraphics.cpp(1164,2): warning C4996: 'sprintf': This function or variable may be unsafe. Consider using sprintf_s instead. To disable deprecation, use _CRT_SECURE_NO_WARNINGS. See online help for details.
C:\Users\Mennatuallah\Desktop\last\Programming_techniques_project\CMUgraphicsLib\CMUgraphics.cpp(1171,2): warning C4996: 'sprintf': This function or variable may be unsafe. Consider using sprintf_s instead. To disable deprecation, use _CRT_SECURE_NO_WARNINGS. See online help for details.
C:\Users\Mennatuallah\Desktop\last\Programming_techniques_project\CMUgraphicsLib\CMUgraphics.cpp(1202,2): warning C4996: 'sprintf': This function or variable may be unsafe. Consider using sprintf_s instead. To disable deprecation, use _CRT_SECURE_NO_WARNINGS. See online help for details.
C:\Users\Mennatuallah\Desktop\last\Programming_techniques_project\CMUgraphicsLib\CMUgraphics.cpp(1210,2): warning C4996: 'sprintf': This function or variable may be unsafe. Consider using sprintf_s instead. To disable deprecation, use _CRT_SECURE_NO_WARNINGS. See online help for details.
C:\Users\Mennatuallah\Desktop\last\Programming_techniques_project\CMUgraphicsLib\CMUgraphics.cpp(1357,23): warning C4018: '>': signed/unsigned mismatch
  auxil.cpp
  Generating Code...
cl : command line  warning D9035: option 'Gm' has been deprecated and will be removed in a future release
  jutils.c
  jquant2.c
  jquant1.c
  jmemnobs.c
  jmemmgr.c
C:\Users\Mennatuallah\Desktop\last\Programming_techniques_project\CMUgraphicsLib\jpeg\jmemmgr.c(1103,19): warning C4996: 'getenv': This function or variable may be unsafe. Consider using _dupenv_s instead. To disable deprecation, use _CRT_SECURE_NO_WARNINGS. See online help for details.
C:\Users\Mennatuallah\Desktop\last\Programming_techniques_project\CMUgraphicsLib\jpeg\jmemmgr.c(1106,11): warning C4996: 'sscanf': This function or variable may be unsafe. Consider using sscanf_s instead. To disable deprecation, use _CRT_SECURE_NO_WARNINGS. See online help for details.
  jidctred.c
  jidctint.c
  jidctfst.c
  jidctflt.c
  jerror.c
C:\Users\Mennatuallah\Desktop\last\Programming_techniques_project\CMUgraphicsLib\jpeg\jerror.c(169,5): warning C4996: 'sprintf': This function or variable may be unsafe. Consider using sprintf_s instead. To disable deprecation, use _CRT_SECURE_NO_WARNINGS. See online help for details.
C:\Users\Mennatuallah\Desktop\last\Programming_techniques_project\CMUgraphicsLib\jpeg\jerror.c(171,5): warning C4996: 'sprintf': This function or variable may be unsafe. Consider using sprintf_s instead. To disable deprecation, use _CRT_SECURE_NO_WARNINGS. See online help for details.
  jdtrans.c
  jdsample.c
  jdpostct.c
  jdphuff.c
  jdmerge.c
  jdmaster.c
  jdmarker.c
  jdmainct.c
  jdinput.c
  jdhuff.c
  Generating Code...
  Compiling...
  jddctmgr.c
  jdcolor.c
  jdcoefct.c
  jdatasrc.c
  jdapistd.c
  jdapimin.c
  jcparam.c
  jcomapi.c
  jpegload.c
C:\Users\Mennatuallah\Desktop\last\Programming_techniques_project\CMUgraphicsLib\jpegload.c(23,12): warning C4996: 'fopen': This function or variable may be unsafe. Consider using fopen_s instead. To disable deprecation, use _CRT_SECURE_NO_WARNINGS. See online help for details.
  Generating Code...
auxil.obj : warning LNK4075: ignoring '/EDITANDCONTINUE' due to '/SAFESEH' specification
  PT-Project.vcxproj -> C:\Users\Mennatuallah\Desktop\last\Programming_techniques_project\Debug\PT Project.exe
